
Traceback (most recent call last):
  File "/home/user/space-apps-2017-mayday-athens/main.py", line 22, in <module>
    os.chdir("/home/user/space-apps-2017-mayday-athens/")
NameError: name 'os' is not defined
--2017-05-05 18:37:02--  http://legacy-www.swpc.noaa.gov/wingkp/wingkp_list.txt
Resolving legacy-www.swpc.noaa.gov (legacy-www.swpc.noaa.gov)... 2610:20:8000:8c01::24, 2610:20:8800:8c00::24, 140.90.33.21, ...
Connecting to legacy-www.swpc.noaa.gov (legacy-www.swpc.noaa.gov)|2610:20:8000:8c01::24|:80... connected.
HTTP request sent, awaiting response... 200 OK
Length: 77628 (76K) [text/plain]
Saving to: ‘Data/wingkp_list.txt.1’

     0K .......... .......... .......... .......... .......... 65%  105K 0s
    50K .......... .......... .....                           100%  779K=0,5s

2017-05-05 18:37:07 (149 KB/s) - ‘Data/wingkp_list.txt.1’ saved [77628/77628]

--2017-05-05 18:37:07--  http://services.swpc.noaa.gov/text/aurora-nowcast-map.txt
Resolving services.swpc.noaa.gov (services.swpc.noaa.gov)... 2610:20:8000:8c01::24, 2610:20:8800:8c00::24, 216.38.80.81, ...
Connecting to services.swpc.noaa.gov (services.swpc.noaa.gov)|2610:20:8000:8c01::24|:80... connected.
HTTP request sent, awaiting response... 200 OK
Length: 2098423 (2,0M) [text/plain]
Saving to: ‘Data/aurora-nowcast-map.txt’

     0K .......... .......... .......... .......... ..........  2%  156K 13s
    50K .......... .......... .......... .......... ..........  4%  159K 12s
   100K .......... .......... .......... .......... ..........  7%  315K 10s
   150K .......... .......... .......... .......... ..........  9%  315K 9s
   200K .......... .......... .......... .......... .......... 12% 1,45M 7s
   250K .......... .......... .......... .......... .......... 14%  389K 6s
   300K .......... .......... .......... .......... .......... 17%  314K 6s
   350K .......... .......... .......... .......... .......... 19% 13,6M 5s
   400K .......... .......... .......... .......... .......... 21%  318K 5s
   450K .......... .......... .......... .......... .......... 24% 13,7M 4s
   500K .......... .......... .......... .......... .......... 26%  322K 4s
   550K .......... .......... .......... .......... .......... 29% 10,3M 4s
   600K .......... .......... .......... .......... .......... 31%  325K 4s
   650K .......... .......... .......... .......... .......... 34% 8,42M 3s
   700K .......... .......... .......... .......... .......... 36% 39,9M 3s
   750K .......... .......... .......... .......... .......... 39% 1,88M 3s
   800K .......... .......... .......... .......... .......... 41%  388K 3s
   850K .......... .......... .......... .......... .......... 43% 10,4M 2s
   900K .......... .......... .......... .......... .......... 46% 1,42M 2s
   950K .......... .......... .......... .......... .......... 48% 4,16M 2s
  1000K .......... .......... .......... .......... .......... 51%  462K 2s
  1050K .......... .......... .......... .......... .......... 53% 8,69M 2s
  1100K .......... .......... .......... .......... .......... 56% 1,44M 2s
  1150K .......... .......... .......... .......... .......... 58% 3,26M 2s
  1200K .......... .......... .......... .......... .......... 60% 14,6M 1s
  1250K .......... .......... .......... .......... .......... 63%  489K 1s
  1300K .......... .......... .......... .......... .......... 65% 7,69M 1s
  1350K .......... .......... .......... .......... .......... 68% 1,57M 1s
  1400K .......... .......... .......... .......... .......... 70% 3,05M 1s
  1450K .......... .......... .......... .......... .......... 73% 19,6M 1s
  1500K .......... .......... .......... .......... .......... 75% 12,2M 1s
  1550K .......... .......... .......... .......... .......... 78%  506K 1s
  1600K .......... .......... .......... .......... .......... 80% 8,62M 1s
  1650K .......... .......... .......... .......... .......... 82% 1,56M 0s
  1700K .......... .......... .......... .......... .......... 85% 18,5M 0s
  1750K .......... .......... .......... .......... .......... 87% 14,2M 0s
  1800K .......... .......... .......... .......... .......... 90% 3,39M 0s
  1850K .......... .......... .......... .......... .......... 92% 18,2M 0s
  1900K .......... .......... .......... .......... .......... 95% 1,19M 0s
  1950K .......... .......... .......... .......... .......... 97%  927K 0s
  2000K .......... .......... .......... .......... ......... 100% 6,91M=2,6s

2017-05-05 18:37:10 (803 KB/s) - ‘Data/aurora-nowcast-map.txt’ saved [2098423/2098423]

--2017-05-05 18:37:10--  http://services.swpc.noaa.gov/text/goes-particle-flux-primary.txt
Resolving services.swpc.noaa.gov (services.swpc.noaa.gov)... 2610:20:8800:8c00::24, 2610:20:8000:8c01::24, 140.90.33.11, ...
Connecting to services.swpc.noaa.gov (services.swpc.noaa.gov)|2610:20:8800:8c00::24|:80... connected.
HTTP request sent, awaiting response... 200 OK
Length: 4035 (3,9K) [text/plain]
Saving to: ‘Data/goes-particle-flux-primary.txt’

     0K ...                                                   100%  138M=0s

2017-05-05 18:37:11 (138 MB/s) - ‘Data/goes-particle-flux-primary.txt’ saved [4035/4035]

Warning: Cannot label parallels on Orthographic basemap'Warning: Cannot label meridians on full-disk
                Geostationary, Orthographic or Azimuthal equidistant basemap
                Not enough flux to penetrate
Warning: Cannot label parallels on Orthographic basemap'Warning: Cannot label meridians on full-disk
                Geostationary, Orthographic or Azimuthal equidistant basemap
                Not enough flux to penetrate
--2017-05-05 18:38:02--  http://legacy-www.swpc.noaa.gov/wingkp/wingkp_list.txt
Resolving legacy-www.swpc.noaa.gov (legacy-www.swpc.noaa.gov)... 2610:20:8800:8c00::24, 2610:20:8000:8c01::24, 140.90.33.21, ...
Connecting to legacy-www.swpc.noaa.gov (legacy-www.swpc.noaa.gov)|2610:20:8800:8c00::24|:80... connected.
HTTP request sent, awaiting response... 200 OK
Length: 77628 (76K) [text/plain]
Saving to: ‘Data/wingkp_list.txt.2.1’

     0K .......... .......... .......... .......... .......... 65% 89,4K 0s
    50K .......... .......... .....                           100%  138K=0,7s

2017-05-05 18:38:04 (102 KB/s) - ‘Data/wingkp_list.txt.2.1’ saved [77628/77628]

--2017-05-05 18:38:04--  http://services.swpc.noaa.gov/text/aurora-nowcast-map.txt
Resolving services.swpc.noaa.gov (services.swpc.noaa.gov)... 2610:20:8000:8c01::24, 2610:20:8800:8c00::24, 140.172.17.11, ...
Connecting to services.swpc.noaa.gov (services.swpc.noaa.gov)|2610:20:8000:8c01::24|:80... connected.
HTTP request sent, awaiting response... 200 OK
Length: 2098423 (2,0M) [text/plain]
Saving to: ‘Data/aurora-nowcast-map.txt.2’

     0K .......... .......... .......... .......... ..........  2% 99,1K 20s
    50K .......... .......... .......... .......... ..........  4%  159K 16s
   100K .......... .......... .......... .......... ..........  7%  305K 12s
   150K .......... .......... .......... .......... ..........  9%  252K 11s
   200K .......... .......... .......... .......... .......... 12% 11,6M 9s
   250K .......... .......... .......... .......... .......... 14%  304K 8s
   300K .......... .......... .......... .......... .......... 17%  319K 7s
   350K .......... .......... .......... .......... .......... 19%  331K 7s
   400K .......... .......... .......... .......... .......... 21%  313K 6s
   450K .......... .......... .......... .......... .......... 24% 5,51M 6s
   500K .......... .......... .......... .......... .......... 26%  318K 5s
   550K .......... .......... .......... .......... .......... 29%  324K 5s
   600K .......... .......... .......... .......... .......... 31%  315K 5s
   650K .......... .......... .......... .......... .......... 34% 10,2M 4s
   700K .......... .......... .......... .......... .......... 36%  314K 4s
   750K .......... .......... .......... .......... .......... 39% 8,39M 4s
   800K .......... .......... .......... .......... .......... 41%  289K 4s
   850K .......... .......... .......... .......... .......... 43% 23,9M 3s
   900K .......... .......... .......... .......... .......... 46%  314K 3s
   950K .......... .......... .......... .......... .......... 48% 18,5M 3s
  1000K .......... .......... .......... .......... .......... 51%  319K 3s
  1050K .......... .......... .......... .......... .......... 53% 13,0M 3s
  1100K .......... .......... .......... .......... .......... 56%  322K 2s
  1150K .......... .......... .......... .......... .......... 58%  983K 2s
  1200K .......... .......... .......... .......... .......... 60%  405K 2s
  1250K .......... .......... .......... .......... .......... 63% 37,5M 2s
  1300K .......... .......... .......... .......... .......... 65%  320K 2s
  1350K .......... .......... .......... .......... .......... 68% 14,8M 2s
  1400K .......... .......... .......... .......... .......... 70% 1,21M 1s
  1450K .......... .......... .......... .......... .......... 73%  423K 1s
  1500K .......... .......... .......... .......... .......... 75% 4,33M 1s
  1550K .......... .......... .......... .......... .......... 78%  347K 1s
  1600K .......... .......... .......... .......... .......... 80% 3,43M 1s
  1650K .......... .......... .......... .......... .......... 82% 1,72M 1s
  1700K .......... .......... .......... .......... .......... 85%  413K 1s
  1750K .......... .......... .......... .......... .......... 87% 4,29M 1s
  1800K .......... .......... .......... .......... .......... 90% 1,80M 0s
  1850K .......... .......... .......... .......... .......... 92%  389K 0s
  1900K .......... .......... .......... .......... .......... 95% 6,82M 0s
  1950K .......... .......... .......... .......... .......... 97% 1,15M 0s
  2000K .......... .......... .......... .......... ......... 100%  455K=4,3s

2017-05-05 18:38:09 (481 KB/s) - ‘Data/aurora-nowcast-map.txt.2’ saved [2098423/2098423]

--2017-05-05 18:38:09--  http://services.swpc.noaa.gov/text/goes-particle-flux-primary.txt
Resolving services.swpc.noaa.gov (services.swpc.noaa.gov)... 2610:20:8000:8c01::24, 2610:20:8800:8c00::24, 140.172.17.21, ...
Connecting to services.swpc.noaa.gov (services.swpc.noaa.gov)|2610:20:8000:8c01::24|:80... connected.
HTTP request sent, awaiting response... 200 OK
Length: 4035 (3,9K) [text/plain]
Saving to: ‘Data/goes-particle-flux-primary.txt.2’

     0K ...                                                   100%  132M=0s

2017-05-05 18:38:09 (132 MB/s) - ‘Data/goes-particle-flux-primary.txt.2’ saved [4035/4035]

Warning: Cannot label parallels on Orthographic basemap'Warning: Cannot label meridians on full-disk
                Geostationary, Orthographic or Azimuthal equidistant basemap
                Not enough flux to penetrate
Warning: Cannot label parallels on Orthographic basemap'Warning: Cannot label meridians on full-disk
                Geostationary, Orthographic or Azimuthal equidistant basemap
                Not enough flux to penetrate
--2017-05-05 18:39:02--  http://legacy-www.swpc.noaa.gov/wingkp/wingkp_list.txt
Resolving legacy-www.swpc.noaa.gov (legacy-www.swpc.noaa.gov)... 2610:20:8800:8c00::24, 2610:20:8000:8c01::24, 140.172.17.21, ...
Connecting to legacy-www.swpc.noaa.gov (legacy-www.swpc.noaa.gov)|2610:20:8800:8c00::24|:80... connected.
HTTP request sent, awaiting response... 200 OK
Length: 77628 (76K) [text/plain]
Saving to: ‘Data/wingkp_list.txt.3’

     0K .......... .......... .......... .......... .......... 65% 89,5K 0s
    50K .......... .......... .....                           100%  138K=0,7s

2017-05-05 18:39:03 (102 KB/s) - ‘Data/wingkp_list.txt.3’ saved [77628/77628]

--2017-05-05 18:39:03--  http://services.swpc.noaa.gov/text/aurora-nowcast-map.txt
Resolving services.swpc.noaa.gov (services.swpc.noaa.gov)... 2610:20:8000:8c01::24, 2610:20:8800:8c00::24, 216.38.80.81, ...
Connecting to services.swpc.noaa.gov (services.swpc.noaa.gov)|2610:20:8000:8c01::24|:80... connected.
HTTP request sent, awaiting response... 200 OK
Length: 2098423 (2,0M) [text/plain]
Saving to: ‘Data/aurora-nowcast-map.txt.3’

     0K .......... .......... .......... .......... ..........  2%  105K 19s
    50K .......... .......... .......... .......... ..........  4%  304K 13s
   100K .......... .......... .......... .......... ..........  7%  157K 12s
   150K .......... .......... .......... .......... ..........  9% 27,3M 9s
   200K .......... .......... .......... .......... .......... 12%  312K 8s
   250K .......... .......... .......... .......... .......... 14%  282K 8s
   300K .......... .......... .......... .......... .......... 17% 30,9M 6s
   350K .......... .......... .......... .......... .......... 19%  317K 6s
   400K .......... .......... .......... .......... .......... 21% 15,5M 5s
   450K .......... .......... .......... .......... .......... 24% 1,22M 5s
   500K .......... .......... .......... .......... .......... 26%  413K 4s
   550K .......... .......... .......... .......... .......... 29% 1,27M 4s
   600K .......... .......... .......... .......... .......... 31%  407K 4s
   650K .......... .......... .......... .......... .......... 34% 18,2M 3s
   700K .......... .......... .......... .......... .......... 36%  325K 3s
   750K .......... .......... .......... .......... .......... 39% 5,78M 3s
   800K .......... .......... .......... .......... .......... 41%  338K 3s
   850K .......... .......... .......... .......... .......... 43% 3,85M 3s
   900K .......... .......... .......... .......... .......... 46% 14,3M 2s
   950K .......... .......... .......... .......... .......... 48%  343K 2s
  1000K .......... .......... .......... .......... .......... 51% 2,62M 2s
  1050K .......... .......... .......... .......... .......... 53%  708K 2s
  1100K .......... .......... .......... .......... .......... 56%  585K 2s
  1150K .......... .......... .......... .......... .......... 58% 11,4M 2s
  1200K .......... .......... .......... .......... .......... 60%  328K 2s
  1250K .......... .......... .......... .......... .......... 63% 7,04M 1s
  1300K .......... .......... .......... .......... .......... 65%  605K 1s
  1350K .......... .......... .......... .......... .......... 68%  662K 1s
  1400K .......... .......... .......... .......... .......... 70% 11,4M 1s
  1450K .......... .......... .......... .......... .......... 73%  622K 1s
  1500K .......... .......... .......... .......... .......... 75%  658K 1s
  1550K .......... .......... .......... .......... .......... 78%  610K 1s
  1600K .......... .......... .......... .......... .......... 80%  733K 1s
  1650K .......... .......... .......... .......... .......... 82% 16,8M 1s
  1700K .......... .......... .......... .......... .......... 85%  563K 1s
  1750K .......... .......... .......... .......... .......... 87%  727K 0s
  1800K .......... .......... .......... .......... .......... 90% 6,62M 0s
  1850K .......... .......... .......... .......... .......... 92%  354K 0s
  1900K .......... .......... .......... .......... .......... 95% 31,6M 0s
  1950K .......... .......... .......... .......... .......... 97% 2,66M 0s
  2000K .......... .......... .......... .......... ......... 100%  590K=3,5s

2017-05-05 18:39:07 (589 KB/s) - ‘Data/aurora-nowcast-map.txt.3’ saved [2098423/2098423]

--2017-05-05 18:39:07--  http://services.swpc.noaa.gov/text/goes-particle-flux-primary.txt
Resolving services.swpc.noaa.gov (services.swpc.noaa.gov)... 2610:20:8000:8c01::24, 2610:20:8800:8c00::24, 140.172.17.21, ...
Connecting to services.swpc.noaa.gov (services.swpc.noaa.gov)|2610:20:8000:8c01::24|:80... connected.
HTTP request sent, awaiting response... 200 OK
Length: 4035 (3,9K) [text/plain]
Saving to: ‘Data/goes-particle-flux-primary.txt.4’

     0K ...                                                   100%  132M=0s

2017-05-05 18:39:08 (132 MB/s) - ‘Data/goes-particle-flux-primary.txt.4’ saved [4035/4035]

Warning: Cannot label parallels on Orthographic basemap'Warning: Cannot label meridians on full-disk
                Geostationary, Orthographic or Azimuthal equidistant basemap
                Not enough flux to penetrate
